{"uid":"82eb6e3c72192b14","name":"Perform Login, Purchase, and Logout","fullName":"testCasesPackage.T002_Login_And_Purchase.loginAndPurchase","historyId":"a95bf750bf3bbc13fab1c942034af621","time":{"start":1710538320863,"stop":1710538333875,"duration":13012},"description":"Test Description: This test will log-in to automationpractice.com, Then add two different category products to the cart and complete the checkout process with payment. Finally, It will Sign out from the system.","descriptionHtml":"<p>Test Description: This test will log-in to automationpractice.com, Then add two different category products to the cart and complete the checkout process with payment. Finally, It will Sign out from the system.</p>\n","status":"broken","statusMessage":"element click intercepted: Element <span class=\"button ajax_add_to_cart_button btn btn-default disabled\">...</span> is not clickable at point (757, 347). Other element would receive the click: <div class=\"button-container\" style=\"display: block;\">...</div>\n  (Session info: chrome=122.0.6261.129)\nBuild info: version: '4.1.2', revision: '9a5a329c5a'\nSystem info: host: 'CALHEIROS', ip: '192.168.1.137', os.name: 'Windows 11', os.arch: 'amd64', os.version: '10.0', java.version: '21.0.1'\nDriver info: org.openqa.selenium.chrome.ChromeDriver\nCommand: [7850b83937818d3aae1322cbaf1cee25, clickElement {id=f.81C337006B0E6CC4BB800586F2410009.d.3A8A31D6A8C63E44114E9986C0CD28F7.e.135}]\nCapabilities {acceptInsecureCerts: false, browserName: chrome, browserVersion: 122.0.6261.129, chrome: {chromedriverVersion: 122.0.6261.128 (f18a44fedeb..., userDataDir: C:\\Users\\strik\\AppData\\Loca...}, fedcm:accounts: true, goog:chromeOptions: {debuggerAddress: localhost:61035}, javascriptEnabled: true, networkConnectionEnabled: false, pageLoadStrategy: normal, platform: WINDOWS, platformName: WINDOWS, proxy: Proxy(), se:cdp: ws://localhost:61035/devtoo..., se:cdpVersion: 122.0.6261.129, setWindowRect: true, strictFileInteractability: false, timeouts: {implicit: 0, pageLoad: 300000, script: 30000}, unhandledPromptBehavior: dismiss and notify, webauthn:extension:credBlob: true, webauthn:extension:largeBlob: true, webauthn:extension:minPinLength: true, webauthn:extension:prf: true, webauthn:virtualAuthenticators: true}\nElement: [[ChromeDriver: chrome on WINDOWS (7850b83937818d3aae1322cbaf1cee25)] -> xpath: //span[normalize-space()='Add to cart']]\nSession ID: 7850b83937818d3aae1322cbaf1cee25","statusTrace":"org.openqa.selenium.ElementClickInterceptedException: element click intercepted: Element <span class=\"button ajax_add_to_cart_button btn btn-default disabled\">...</span> is not clickable at point (757, 347). Other element would receive the click: <div class=\"button-container\" style=\"display: block;\">...</div>\n  (Session info: chrome=122.0.6261.129)\nBuild info: version: '4.1.2', revision: '9a5a329c5a'\nSystem info: host: 'CALHEIROS', ip: '192.168.1.137', os.name: 'Windows 11', os.arch: 'amd64', os.version: '10.0', java.version: '21.0.1'\nDriver info: org.openqa.selenium.chrome.ChromeDriver\nCommand: [7850b83937818d3aae1322cbaf1cee25, clickElement {id=f.81C337006B0E6CC4BB800586F2410009.d.3A8A31D6A8C63E44114E9986C0CD28F7.e.135}]\nCapabilities {acceptInsecureCerts: false, browserName: chrome, browserVersion: 122.0.6261.129, chrome: {chromedriverVersion: 122.0.6261.128 (f18a44fedeb..., userDataDir: C:\\Users\\strik\\AppData\\Loca...}, fedcm:accounts: true, goog:chromeOptions: {debuggerAddress: localhost:61035}, javascriptEnabled: true, networkConnectionEnabled: false, pageLoadStrategy: normal, platform: WINDOWS, platformName: WINDOWS, proxy: Proxy(), se:cdp: ws://localhost:61035/devtoo..., se:cdpVersion: 122.0.6261.129, setWindowRect: true, strictFileInteractability: false, timeouts: {implicit: 0, pageLoad: 300000, script: 30000}, unhandledPromptBehavior: dismiss and notify, webauthn:extension:credBlob: true, webauthn:extension:largeBlob: true, webauthn:extension:minPinLength: true, webauthn:extension:prf: true, webauthn:virtualAuthenticators: true}\nElement: [[ChromeDriver: chrome on WINDOWS (7850b83937818d3aae1322cbaf1cee25)] -> xpath: //span[normalize-space()='Add to cart']]\nSession ID: 7850b83937818d3aae1322cbaf1cee25\r\n\tat java.base/jdk.internal.reflect.DirectConstructorHandleAccessor.newInstance(DirectConstructorHandleAccessor.java:62)\r\n\tat java.base/java.lang.reflect.Constructor.newInstanceWithCaller(Constructor.java:502)\r\n\tat java.base/java.lang.reflect.Constructor.newInstance(Constructor.java:486)\r\n\tat org.openqa.selenium.remote.codec.w3c.W3CHttpResponseCodec.createException(W3CHttpResponseCodec.java:200)\r\n\tat org.openqa.selenium.remote.codec.w3c.W3CHttpResponseCodec.decode(W3CHttpResponseCodec.java:133)\r\n\tat org.openqa.selenium.remote.codec.w3c.W3CHttpResponseCodec.decode(W3CHttpResponseCodec.java:53)\r\n\tat org.openqa.selenium.remote.HttpCommandExecutor.execute(HttpCommandExecutor.java:184)\r\n\tat org.openqa.selenium.remote.service.DriverCommandExecutor.invokeExecute(DriverCommandExecutor.java:167)\r\n\tat org.openqa.selenium.remote.service.DriverCommandExecutor.execute(DriverCommandExecutor.java:142)\r\n\tat org.openqa.selenium.remote.RemoteWebDriver.execute(RemoteWebDriver.java:558)\r\n\tat org.openqa.selenium.remote.RemoteWebElement.execute(RemoteWebElement.java:251)\r\n\tat org.openqa.selenium.remote.RemoteWebElement.click(RemoteWebElement.java:77)\r\n\tat java.base/jdk.internal.reflect.DirectMethodHandleAccessor.invoke(DirectMethodHandleAccessor.java:103)\r\n\tat java.base/java.lang.reflect.Method.invoke(Method.java:580)\r\n\tat org.openqa.selenium.support.pagefactory.internal.LocatingElementHandler.invoke(LocatingElementHandler.java:52)\r\n\tat jdk.proxy2/jdk.proxy2.$Proxy19.click(Unknown Source)\r\n\tat pageObjectPackage.P005_CasualDressespage.productAddToCart(P005_CasualDressespage.java:28)\r\n\tat testCasesPackage.T002_Login_And_Purchase.loginAndPurchase(T002_Login_And_Purchase.java:58)\r\n\tat java.base/jdk.internal.reflect.DirectMethodHandleAccessor.invoke(DirectMethodHandleAccessor.java:103)\r\n\tat java.base/java.lang.reflect.Method.invoke(Method.java:580)\r\n\tat org.testng.internal.invokers.MethodInvocationHelper.invokeMethod(MethodInvocationHelper.java:135)\r\n\tat org.testng.internal.invokers.TestInvoker.invokeMethod(TestInvoker.java:673)\r\n\tat org.testng.internal.invokers.TestInvoker.invokeTestMethod(TestInvoker.java:220)\r\n\tat org.testng.internal.invokers.MethodRunner.runInSequence(MethodRunner.java:50)\r\n\tat org.testng.internal.invokers.TestInvoker$MethodInvocationAgent.invoke(TestInvoker.java:945)\r\n\tat org.testng.internal.invokers.TestInvoker.invokeTestMethods(TestInvoker.java:193)\r\n\tat org.testng.internal.invokers.TestMethodWorker.invokeTestMethods(TestMethodWorker.java:146)\r\n\tat org.testng.internal.invokers.TestMethodWorker.run(TestMethodWorker.java:128)\r\n\tat java.base/java.util.ArrayList.forEach(ArrayList.java:1596)\r\n\tat org.testng.TestRunner.privateRun(TestRunner.java:808)\r\n\tat org.testng.TestRunner.run(TestRunner.java:603)\r\n\tat org.testng.SuiteRunner.runTest(SuiteRunner.java:429)\r\n\tat org.testng.SuiteRunner.runSequentially(SuiteRunner.java:423)\r\n\tat org.testng.SuiteRunner.privateRun(SuiteRunner.java:383)\r\n\tat org.testng.SuiteRunner.run(SuiteRunner.java:326)\r\n\tat org.testng.SuiteRunnerWorker.runSuite(SuiteRunnerWorker.java:52)\r\n\tat org.testng.SuiteRunnerWorker.run(SuiteRunnerWorker.java:95)\r\n\tat org.testng.TestNG.runSuitesSequentially(TestNG.java:1249)\r\n\tat org.testng.TestNG.runSuitesLocally(TestNG.java:1169)\r\n\tat org.testng.TestNG.runSuites(TestNG.java:1092)\r\n\tat org.testng.TestNG.run(TestNG.java:1060)\r\n\tat com.intellij.rt.testng.IDEARemoteTestNG.run(IDEARemoteTestNG.java:66)\r\n\tat com.intellij.rt.testng.RemoteTestNGStarter.main(RemoteTestNGStarter.java:105)\r\n","flaky":false,"newFailed":false,"newBroken":false,"newPassed":false,"retriesCount":0,"retriesStatusChange":false,"beforeStages":[],"testStage":{"description":"Test Description: This test will log-in to automationpractice.com, Then add two different category products to the cart and complete the checkout process with payment. Finally, It will Sign out from the system.","status":"broken","statusMessage":"element click intercepted: Element <span class=\"button ajax_add_to_cart_button btn btn-default disabled\">...</span> is not clickable at point (757, 347). Other element would receive the click: <div class=\"button-container\" style=\"display: block;\">...</div>\n  (Session info: chrome=122.0.6261.129)\nBuild info: version: '4.1.2', revision: '9a5a329c5a'\nSystem info: host: 'CALHEIROS', ip: '192.168.1.137', os.name: 'Windows 11', os.arch: 'amd64', os.version: '10.0', java.version: '21.0.1'\nDriver info: org.openqa.selenium.chrome.ChromeDriver\nCommand: [7850b83937818d3aae1322cbaf1cee25, clickElement {id=f.81C337006B0E6CC4BB800586F2410009.d.3A8A31D6A8C63E44114E9986C0CD28F7.e.135}]\nCapabilities {acceptInsecureCerts: false, browserName: chrome, browserVersion: 122.0.6261.129, chrome: {chromedriverVersion: 122.0.6261.128 (f18a44fedeb..., userDataDir: C:\\Users\\strik\\AppData\\Loca...}, fedcm:accounts: true, goog:chromeOptions: {debuggerAddress: localhost:61035}, javascriptEnabled: true, networkConnectionEnabled: false, pageLoadStrategy: normal, platform: WINDOWS, platformName: WINDOWS, proxy: Proxy(), se:cdp: ws://localhost:61035/devtoo..., se:cdpVersion: 122.0.6261.129, setWindowRect: true, strictFileInteractability: false, timeouts: {implicit: 0, pageLoad: 300000, script: 30000}, unhandledPromptBehavior: dismiss and notify, webauthn:extension:credBlob: true, webauthn:extension:largeBlob: true, webauthn:extension:minPinLength: true, webauthn:extension:prf: true, webauthn:virtualAuthenticators: true}\nElement: [[ChromeDriver: chrome on WINDOWS (7850b83937818d3aae1322cbaf1cee25)] -> xpath: //span[normalize-space()='Add to cart']]\nSession ID: 7850b83937818d3aae1322cbaf1cee25","statusTrace":"org.openqa.selenium.ElementClickInterceptedException: element click intercepted: Element <span class=\"button ajax_add_to_cart_button btn btn-default disabled\">...</span> is not clickable at point (757, 347). Other element would receive the click: <div class=\"button-container\" style=\"display: block;\">...</div>\n  (Session info: chrome=122.0.6261.129)\nBuild info: version: '4.1.2', revision: '9a5a329c5a'\nSystem info: host: 'CALHEIROS', ip: '192.168.1.137', os.name: 'Windows 11', os.arch: 'amd64', os.version: '10.0', java.version: '21.0.1'\nDriver info: org.openqa.selenium.chrome.ChromeDriver\nCommand: [7850b83937818d3aae1322cbaf1cee25, clickElement {id=f.81C337006B0E6CC4BB800586F2410009.d.3A8A31D6A8C63E44114E9986C0CD28F7.e.135}]\nCapabilities {acceptInsecureCerts: false, browserName: chrome, browserVersion: 122.0.6261.129, chrome: {chromedriverVersion: 122.0.6261.128 (f18a44fedeb..., userDataDir: C:\\Users\\strik\\AppData\\Loca...}, fedcm:accounts: true, goog:chromeOptions: {debuggerAddress: localhost:61035}, javascriptEnabled: true, networkConnectionEnabled: false, pageLoadStrategy: normal, platform: WINDOWS, platformName: WINDOWS, proxy: Proxy(), se:cdp: ws://localhost:61035/devtoo..., se:cdpVersion: 122.0.6261.129, setWindowRect: true, strictFileInteractability: false, timeouts: {implicit: 0, pageLoad: 300000, script: 30000}, unhandledPromptBehavior: dismiss and notify, webauthn:extension:credBlob: true, webauthn:extension:largeBlob: true, webauthn:extension:minPinLength: true, webauthn:extension:prf: true, webauthn:virtualAuthenticators: true}\nElement: [[ChromeDriver: chrome on WINDOWS (7850b83937818d3aae1322cbaf1cee25)] -> xpath: //span[normalize-space()='Add to cart']]\nSession ID: 7850b83937818d3aae1322cbaf1cee25\r\n\tat java.base/jdk.internal.reflect.DirectConstructorHandleAccessor.newInstance(DirectConstructorHandleAccessor.java:62)\r\n\tat java.base/java.lang.reflect.Constructor.newInstanceWithCaller(Constructor.java:502)\r\n\tat java.base/java.lang.reflect.Constructor.newInstance(Constructor.java:486)\r\n\tat org.openqa.selenium.remote.codec.w3c.W3CHttpResponseCodec.createException(W3CHttpResponseCodec.java:200)\r\n\tat org.openqa.selenium.remote.codec.w3c.W3CHttpResponseCodec.decode(W3CHttpResponseCodec.java:133)\r\n\tat org.openqa.selenium.remote.codec.w3c.W3CHttpResponseCodec.decode(W3CHttpResponseCodec.java:53)\r\n\tat org.openqa.selenium.remote.HttpCommandExecutor.execute(HttpCommandExecutor.java:184)\r\n\tat org.openqa.selenium.remote.service.DriverCommandExecutor.invokeExecute(DriverCommandExecutor.java:167)\r\n\tat org.openqa.selenium.remote.service.DriverCommandExecutor.execute(DriverCommandExecutor.java:142)\r\n\tat org.openqa.selenium.remote.RemoteWebDriver.execute(RemoteWebDriver.java:558)\r\n\tat org.openqa.selenium.remote.RemoteWebElement.execute(RemoteWebElement.java:251)\r\n\tat org.openqa.selenium.remote.RemoteWebElement.click(RemoteWebElement.java:77)\r\n\tat java.base/jdk.internal.reflect.DirectMethodHandleAccessor.invoke(DirectMethodHandleAccessor.java:103)\r\n\tat java.base/java.lang.reflect.Method.invoke(Method.java:580)\r\n\tat org.openqa.selenium.support.pagefactory.internal.LocatingElementHandler.invoke(LocatingElementHandler.java:52)\r\n\tat jdk.proxy2/jdk.proxy2.$Proxy19.click(Unknown Source)\r\n\tat pageObjectPackage.P005_CasualDressespage.productAddToCart(P005_CasualDressespage.java:28)\r\n\tat testCasesPackage.T002_Login_And_Purchase.loginAndPurchase(T002_Login_And_Purchase.java:58)\r\n\tat java.base/jdk.internal.reflect.DirectMethodHandleAccessor.invoke(DirectMethodHandleAccessor.java:103)\r\n\tat java.base/java.lang.reflect.Method.invoke(Method.java:580)\r\n\tat org.testng.internal.invokers.MethodInvocationHelper.invokeMethod(MethodInvocationHelper.java:135)\r\n\tat org.testng.internal.invokers.TestInvoker.invokeMethod(TestInvoker.java:673)\r\n\tat org.testng.internal.invokers.TestInvoker.invokeTestMethod(TestInvoker.java:220)\r\n\tat org.testng.internal.invokers.MethodRunner.runInSequence(MethodRunner.java:50)\r\n\tat org.testng.internal.invokers.TestInvoker$MethodInvocationAgent.invoke(TestInvoker.java:945)\r\n\tat org.testng.internal.invokers.TestInvoker.invokeTestMethods(TestInvoker.java:193)\r\n\tat org.testng.internal.invokers.TestMethodWorker.invokeTestMethods(TestMethodWorker.java:146)\r\n\tat org.testng.internal.invokers.TestMethodWorker.run(TestMethodWorker.java:128)\r\n\tat java.base/java.util.ArrayList.forEach(ArrayList.java:1596)\r\n\tat org.testng.TestRunner.privateRun(TestRunner.java:808)\r\n\tat org.testng.TestRunner.run(TestRunner.java:603)\r\n\tat org.testng.SuiteRunner.runTest(SuiteRunner.java:429)\r\n\tat org.testng.SuiteRunner.runSequentially(SuiteRunner.java:423)\r\n\tat org.testng.SuiteRunner.privateRun(SuiteRunner.java:383)\r\n\tat org.testng.SuiteRunner.run(SuiteRunner.java:326)\r\n\tat org.testng.SuiteRunnerWorker.runSuite(SuiteRunnerWorker.java:52)\r\n\tat org.testng.SuiteRunnerWorker.run(SuiteRunnerWorker.java:95)\r\n\tat org.testng.TestNG.runSuitesSequentially(TestNG.java:1249)\r\n\tat org.testng.TestNG.runSuitesLocally(TestNG.java:1169)\r\n\tat org.testng.TestNG.runSuites(TestNG.java:1092)\r\n\tat org.testng.TestNG.run(TestNG.java:1060)\r\n\tat com.intellij.rt.testng.IDEARemoteTestNG.run(IDEARemoteTestNG.java:66)\r\n\tat com.intellij.rt.testng.RemoteTestNGStarter.main(RemoteTestNGStarter.java:105)\r\n","steps":[{"name":"Click on Sign In Button","time":{"start":1710538321036,"stop":1710538323820,"duration":2784},"status":"passed","steps":[],"attachments":[],"parameters":[],"stepsCount":0,"hasContent":false,"attachmentsCount":0,"shouldDisplayMessage":false},{"name":"Provide an Email & Password and click on Sign In button","time":{"start":1710538323845,"stop":1710538328041,"duration":4196},"status":"passed","steps":[{"name":"Taking a screenshot for Log In Information","time":{"start":1710538324116,"stop":1710538324322,"duration":206},"status":"passed","steps":[],"attachments":[{"uid":"3511bd416c081608","name":"Log In Information","source":"3511bd416c081608.png","type":"image/png","size":116606}],"parameters":[{"name":"name","value":"Log In Information"}],"stepsCount":0,"hasContent":true,"attachmentsCount":1,"shouldDisplayMessage":false}],"attachments":[],"parameters":[{"name":"email","value":"shuzan111@gmaiil.com"},{"name":"password","value":"testpass123@"}],"stepsCount":1,"hasContent":true,"attachmentsCount":1,"shouldDisplayMessage":false},{"name":"Taking a screenshot for After Log In -My Account Page","time":{"start":1710538328041,"stop":1710538328299,"duration":258},"status":"passed","steps":[],"attachments":[{"uid":"b0cd9ba34278fad7","name":"After Log In -My Account Page","source":"b0cd9ba34278fad7.png","type":"image/png","size":122353}],"parameters":[{"name":"name","value":"After Log In -My Account Page"}],"stepsCount":0,"hasContent":true,"attachmentsCount":1,"shouldDisplayMessage":false},{"name":"Hover on Dresses Button and Click on Casual Dresses Button","time":{"start":1710538328299,"stop":1710538332649,"duration":4350},"status":"passed","steps":[],"attachments":[],"parameters":[],"stepsCount":0,"hasContent":false,"attachmentsCount":0,"shouldDisplayMessage":false},{"name":"Scroll to Product then Hover on Product and Click on add To Cart Button Button","time":{"start":1710538332661,"stop":1710538333872,"duration":1211},"status":"broken","statusMessage":"element click intercepted: Element <span class=\"button ajax_add_to_cart_button btn btn-default disabled\">...</span> is not clickable at point (757, 347). Other element would receive the click: <div class=\"button-container\" style=\"display: block;\">...</div>\n  (Session info: chrome=122.0.6261.129)\nBuild info: version: '4.1.2', revision: '9a5a329c5a'\nSystem info: host: 'CALHEIROS', ip: '192.168.1.137', os.name: 'Windows 11', os.arch: 'amd64', os.version: '10.0', java.version: '21.0.1'\nDriver info: org.openqa.selenium.chrome.ChromeDriver\nCommand: [7850b83937818d3aae1322cbaf1cee25, clickElement {id=f.81C337006B0E6CC4BB800586F2410009.d.3A8A31D6A8C63E44114E9986C0CD28F7.e.135}]\nCapabilities {acceptInsecureCerts: false, browserName: chrome, browserVersion: 122.0.6261.129, chrome: {chromedriverVersion: 122.0.6261.128 (f18a44fedeb..., userDataDir: C:\\Users\\strik\\AppData\\Loca...}, fedcm:accounts: true, goog:chromeOptions: {debuggerAddress: localhost:61035}, javascriptEnabled: true, networkConnectionEnabled: false, pageLoadStrategy: normal, platform: WINDOWS, platformName: WINDOWS, proxy: Proxy(), se:cdp: ws://localhost:61035/devtoo..., se:cdpVersion: 122.0.6261.129, setWindowRect: true, strictFileInteractability: false, timeouts: {implicit: 0, pageLoad: 300000, script: 30000}, unhandledPromptBehavior: dismiss and notify, webauthn:extension:credBlob: true, webauthn:extension:largeBlob: true, webauthn:extension:minPinLength: true, webauthn:extension:prf: true, webauthn:virtualAuthenticators: true}\nElement: [[ChromeDriver: chrome on WINDOWS (7850b83937818d3aae1322cbaf1cee25)] -> xpath: //span[normalize-space()='Add to cart']]\nSession ID: 7850b83937818d3aae1322cbaf1cee25","statusTrace":"org.openqa.selenium.ElementClickInterceptedException: element click intercepted: Element <span class=\"button ajax_add_to_cart_button btn btn-default disabled\">...</span> is not clickable at point (757, 347). Other element would receive the click: <div class=\"button-container\" style=\"display: block;\">...</div>\n  (Session info: chrome=122.0.6261.129)\nBuild info: version: '4.1.2', revision: '9a5a329c5a'\nSystem info: host: 'CALHEIROS', ip: '192.168.1.137', os.name: 'Windows 11', os.arch: 'amd64', os.version: '10.0', java.version: '21.0.1'\nDriver info: org.openqa.selenium.chrome.ChromeDriver\nCommand: [7850b83937818d3aae1322cbaf1cee25, clickElement {id=f.81C337006B0E6CC4BB800586F2410009.d.3A8A31D6A8C63E44114E9986C0CD28F7.e.135}]\nCapabilities {acceptInsecureCerts: false, browserName: chrome, browserVersion: 122.0.6261.129, chrome: {chromedriverVersion: 122.0.6261.128 (f18a44fedeb..., userDataDir: C:\\Users\\strik\\AppData\\Loca...}, fedcm:accounts: true, goog:chromeOptions: {debuggerAddress: localhost:61035}, javascriptEnabled: true, networkConnectionEnabled: false, pageLoadStrategy: normal, platform: WINDOWS, platformName: WINDOWS, proxy: Proxy(), se:cdp: ws://localhost:61035/devtoo..., se:cdpVersion: 122.0.6261.129, setWindowRect: true, strictFileInteractability: false, timeouts: {implicit: 0, pageLoad: 300000, script: 30000}, unhandledPromptBehavior: dismiss and notify, webauthn:extension:credBlob: true, webauthn:extension:largeBlob: true, webauthn:extension:minPinLength: true, webauthn:extension:prf: true, webauthn:virtualAuthenticators: true}\nElement: [[ChromeDriver: chrome on WINDOWS (7850b83937818d3aae1322cbaf1cee25)] -> xpath: //span[normalize-space()='Add to cart']]\nSession ID: 7850b83937818d3aae1322cbaf1cee25\r\n\tat java.base/jdk.internal.reflect.DirectConstructorHandleAccessor.newInstance(DirectConstructorHandleAccessor.java:62)\r\n\tat java.base/java.lang.reflect.Constructor.newInstanceWithCaller(Constructor.java:502)\r\n\tat java.base/java.lang.reflect.Constructor.newInstance(Constructor.java:486)\r\n\tat org.openqa.selenium.remote.codec.w3c.W3CHttpResponseCodec.createException(W3CHttpResponseCodec.java:200)\r\n\tat org.openqa.selenium.remote.codec.w3c.W3CHttpResponseCodec.decode(W3CHttpResponseCodec.java:133)\r\n\tat org.openqa.selenium.remote.codec.w3c.W3CHttpResponseCodec.decode(W3CHttpResponseCodec.java:53)\r\n\tat org.openqa.selenium.remote.HttpCommandExecutor.execute(HttpCommandExecutor.java:184)\r\n\tat org.openqa.selenium.remote.service.DriverCommandExecutor.invokeExecute(DriverCommandExecutor.java:167)\r\n\tat org.openqa.selenium.remote.service.DriverCommandExecutor.execute(DriverCommandExecutor.java:142)\r\n\tat org.openqa.selenium.remote.RemoteWebDriver.execute(RemoteWebDriver.java:558)\r\n\tat org.openqa.selenium.remote.RemoteWebElement.execute(RemoteWebElement.java:251)\r\n\tat org.openqa.selenium.remote.RemoteWebElement.click(RemoteWebElement.java:77)\r\n\tat java.base/jdk.internal.reflect.DirectMethodHandleAccessor.invoke(DirectMethodHandleAccessor.java:103)\r\n\tat java.base/java.lang.reflect.Method.invoke(Method.java:580)\r\n\tat org.openqa.selenium.support.pagefactory.internal.LocatingElementHandler.invoke(LocatingElementHandler.java:52)\r\n\tat jdk.proxy2/jdk.proxy2.$Proxy19.click(Unknown Source)\r\n\tat pageObjectPackage.P005_CasualDressespage.productAddToCart(P005_CasualDressespage.java:28)\r\n\tat testCasesPackage.T002_Login_And_Purchase.loginAndPurchase(T002_Login_And_Purchase.java:58)\r\n\tat java.base/jdk.internal.reflect.DirectMethodHandleAccessor.invoke(DirectMethodHandleAccessor.java:103)\r\n\tat java.base/java.lang.reflect.Method.invoke(Method.java:580)\r\n\tat org.testng.internal.invokers.MethodInvocationHelper.invokeMethod(MethodInvocationHelper.java:135)\r\n\tat org.testng.internal.invokers.TestInvoker.invokeMethod(TestInvoker.java:673)\r\n\tat org.testng.internal.invokers.TestInvoker.invokeTestMethod(TestInvoker.java:220)\r\n\tat org.testng.internal.invokers.MethodRunner.runInSequence(MethodRunner.java:50)\r\n\tat org.testng.internal.invokers.TestInvoker$MethodInvocationAgent.invoke(TestInvoker.java:945)\r\n\tat org.testng.internal.invokers.TestInvoker.invokeTestMethods(TestInvoker.java:193)\r\n\tat org.testng.internal.invokers.TestMethodWorker.invokeTestMethods(TestMethodWorker.java:146)\r\n\tat org.testng.internal.invokers.TestMethodWorker.run(TestMethodWorker.java:128)\r\n\tat java.base/java.util.ArrayList.forEach(ArrayList.java:1596)\r\n\tat org.testng.TestRunner.privateRun(TestRunner.java:808)\r\n\tat org.testng.TestRunner.run(TestRunner.java:603)\r\n\tat org.testng.SuiteRunner.runTest(SuiteRunner.java:429)\r\n\tat org.testng.SuiteRunner.runSequentially(SuiteRunner.java:423)\r\n\tat org.testng.SuiteRunner.privateRun(SuiteRunner.java:383)\r\n\tat org.testng.SuiteRunner.run(SuiteRunner.java:326)\r\n\tat org.testng.SuiteRunnerWorker.runSuite(SuiteRunnerWorker.java:52)\r\n\tat org.testng.SuiteRunnerWorker.run(SuiteRunnerWorker.java:95)\r\n\tat org.testng.TestNG.runSuitesSequentially(TestNG.java:1249)\r\n\tat org.testng.TestNG.runSuitesLocally(TestNG.java:1169)\r\n\tat org.testng.TestNG.runSuites(TestNG.java:1092)\r\n\tat org.testng.TestNG.run(TestNG.java:1060)\r\n\tat com.intellij.rt.testng.IDEARemoteTestNG.run(IDEARemoteTestNG.java:66)\r\n\tat com.intellij.rt.testng.RemoteTestNGStarter.main(RemoteTestNGStarter.java:105)\r\n","steps":[],"attachments":[],"parameters":[],"stepsCount":0,"hasContent":true,"attachmentsCount":0,"shouldDisplayMessage":true}],"attachments":[],"parameters":[],"stepsCount":6,"hasContent":true,"attachmentsCount":2,"shouldDisplayMessage":false},"afterStages":[],"labels":[{"name":"package","value":"testCasesPackage.T002_Login_And_Purchase"},{"name":"testClass","value":"testCasesPackage.T002_Login_And_Purchase"},{"name":"testMethod","value":"loginAndPurchase"},{"name":"parentSuite","value":"Default Suite"},{"name":"suite","value":"automtionpractice"},{"name":"subSuite","value":"testCasesPackage.T002_Login_And_Purchase"},{"name":"host","value":"CALHEIROS"},{"name":"thread","value":"7612@CALHEIROS.main(1)"},{"name":"framework","value":"testng"},{"name":"language","value":"java"},{"name":"resultFormat","value":"allure2"}],"parameters":[{"name":"arg0","value":"shuzan111@gmaiil.com"},{"name":"arg1","value":"testpass123@"},{"name":"arg2","value":"Call before knock the door"}],"links":[],"hidden":true,"retry":true,"extra":{"categories":[],"tags":[]},"source":"82eb6e3c72192b14.json","parameterValues":["shuzan111@gmaiil.com","testpass123@","Call before knock the door"]}