{"uid":"c63bbcd48fa5df81","name":"setUp","fullName":"driverPackage.BaseDriver.setUp","historyId":"f88680f1d7d95dfed98b3ad83f384f1d","time":{"start":1710535118837,"stop":1710535118839,"duration":2},"status":"broken","statusMessage":"Could not start a new session. Response code 500. Message: session not created: This version of ChromeDriver only supports Chrome version 114\nCurrent browser version is 122.0.6261.113 with binary path C:\\Program Files\\Google\\Chrome\\Application\\chrome.exe\nBuild info: version: '4.1.2', revision: '9a5a329c5a'\nSystem info: host: 'CALHEIROS', ip: '192.168.1.137', os.name: 'Windows 11', os.arch: 'amd64', os.version: '10.0', java.version: '21.0.1'\nDriver info: org.openqa.selenium.chrome.ChromeDriver\nCommand: [null, newSession {capabilities=[Capabilities {browserName: chrome, goog:chromeOptions: {args: [--remote-allow-origins=*], extensions: []}}], desiredCapabilities=Capabilities {browserName: chrome, goog:chromeOptions: {args: [--remote-allow-origins=*], extensions: []}}}]","statusTrace":"org.openqa.selenium.SessionNotCreatedException: Could not start a new session. Response code 500. Message: session not created: This version of ChromeDriver only supports Chrome version 114\nCurrent browser version is 122.0.6261.113 with binary path C:\\Program Files\\Google\\Chrome\\Application\\chrome.exe\nBuild info: version: '4.1.2', revision: '9a5a329c5a'\nSystem info: host: 'CALHEIROS', ip: '192.168.1.137', os.name: 'Windows 11', os.arch: 'amd64', os.version: '10.0', java.version: '21.0.1'\nDriver info: org.openqa.selenium.chrome.ChromeDriver\nCommand: [null, newSession {capabilities=[Capabilities {browserName: chrome, goog:chromeOptions: {args: [--remote-allow-origins=*], extensions: []}}], desiredCapabilities=Capabilities {browserName: chrome, goog:chromeOptions: {args: [--remote-allow-origins=*], extensions: []}}}]\r\n\tat org.openqa.selenium.remote.ProtocolHandshake.createSession(ProtocolHandshake.java:126)\r\n\tat org.openqa.selenium.remote.ProtocolHandshake.createSession(ProtocolHandshake.java:84)\r\n\tat org.openqa.selenium.remote.ProtocolHandshake.createSession(ProtocolHandshake.java:62)\r\n\tat org.openqa.selenium.remote.HttpCommandExecutor.execute(HttpCommandExecutor.java:156)\r\n\tat org.openqa.selenium.remote.service.DriverCommandExecutor.invokeExecute(DriverCommandExecutor.java:167)\r\n\tat org.openqa.selenium.remote.service.DriverCommandExecutor.execute(DriverCommandExecutor.java:142)\r\n\tat org.openqa.selenium.remote.RemoteWebDriver.execute(RemoteWebDriver.java:558)\r\n\tat org.openqa.selenium.remote.RemoteWebDriver.startSession(RemoteWebDriver.java:245)\r\n\tat org.openqa.selenium.remote.RemoteWebDriver.<init>(RemoteWebDriver.java:161)\r\n\tat org.openqa.selenium.chromium.ChromiumDriver.<init>(ChromiumDriver.java:108)\r\n\tat org.openqa.selenium.chrome.ChromeDriver.<init>(ChromeDriver.java:106)\r\n\tat org.openqa.selenium.chrome.ChromeDriver.<init>(ChromeDriver.java:93)\r\n\tat org.openqa.selenium.chrome.ChromeDriver.<init>(ChromeDriver.java:82)\r\n\tat driverPackage.BaseDriver.setUp(BaseDriver.java:32)\r\n\tat java.base/jdk.internal.reflect.DirectMethodHandleAccessor.invoke(DirectMethodHandleAccessor.java:103)\r\n\tat java.base/java.lang.reflect.Method.invoke(Method.java:580)\r\n\tat org.testng.internal.invokers.MethodInvocationHelper.invokeMethod(MethodInvocationHelper.java:135)\r\n\tat org.testng.internal.invokers.MethodInvocationHelper.invokeMethodConsideringTimeout(MethodInvocationHelper.java:65)\r\n\tat org.testng.internal.invokers.ConfigInvoker.invokeConfigurationMethod(ConfigInvoker.java:381)\r\n\tat org.testng.internal.invokers.ConfigInvoker.invokeConfigurations(ConfigInvoker.java:319)\r\n\tat org.testng.SuiteRunner.privateRun(SuiteRunner.java:368)\r\n\tat org.testng.SuiteRunner.run(SuiteRunner.java:326)\r\n\tat org.testng.SuiteRunnerWorker.runSuite(SuiteRunnerWorker.java:52)\r\n\tat org.testng.SuiteRunnerWorker.run(SuiteRunnerWorker.java:95)\r\n\tat org.testng.TestNG.runSuitesSequentially(TestNG.java:1249)\r\n\tat org.testng.TestNG.runSuitesLocally(TestNG.java:1169)\r\n\tat org.testng.TestNG.runSuites(TestNG.java:1092)\r\n\tat org.testng.TestNG.run(TestNG.java:1060)\r\n\tat com.intellij.rt.testng.IDEARemoteTestNG.run(IDEARemoteTestNG.java:66)\r\n\tat com.intellij.rt.testng.RemoteTestNGStarter.main(RemoteTestNGStarter.java:105)\r\n","flaky":false,"newFailed":false,"newBroken":false,"newPassed":false,"retriesCount":0,"retriesStatusChange":false,"beforeStages":[{"name":"setUp","time":{"start":1710535112423,"stop":1710535118810,"duration":6387},"description":"","status":"broken","statusMessage":"Could not start a new session. Response code 500. Message: session not created: This version of ChromeDriver only supports Chrome version 114\nCurrent browser version is 122.0.6261.113 with binary path C:\\Program Files\\Google\\Chrome\\Application\\chrome.exe\nBuild info: version: '4.1.2', revision: '9a5a329c5a'\nSystem info: host: 'CALHEIROS', ip: '192.168.1.137', os.name: 'Windows 11', os.arch: 'amd64', os.version: '10.0', java.version: '21.0.1'\nDriver info: org.openqa.selenium.chrome.ChromeDriver\nCommand: [null, newSession {capabilities=[Capabilities {browserName: chrome, goog:chromeOptions: {args: [--remote-allow-origins=*], extensions: []}}], desiredCapabilities=Capabilities {browserName: chrome, goog:chromeOptions: {args: [--remote-allow-origins=*], extensions: []}}}]","statusTrace":"org.openqa.selenium.SessionNotCreatedException: Could not start a new session. Response code 500. Message: session not created: This version of ChromeDriver only supports Chrome version 114\nCurrent browser version is 122.0.6261.113 with binary path C:\\Program Files\\Google\\Chrome\\Application\\chrome.exe\nBuild info: version: '4.1.2', revision: '9a5a329c5a'\nSystem info: host: 'CALHEIROS', ip: '192.168.1.137', os.name: 'Windows 11', os.arch: 'amd64', os.version: '10.0', java.version: '21.0.1'\nDriver info: org.openqa.selenium.chrome.ChromeDriver\nCommand: [null, newSession {capabilities=[Capabilities {browserName: chrome, goog:chromeOptions: {args: [--remote-allow-origins=*], extensions: []}}], desiredCapabilities=Capabilities {browserName: chrome, goog:chromeOptions: {args: [--remote-allow-origins=*], extensions: []}}}]\r\n\tat org.openqa.selenium.remote.ProtocolHandshake.createSession(ProtocolHandshake.java:126)\r\n\tat org.openqa.selenium.remote.ProtocolHandshake.createSession(ProtocolHandshake.java:84)\r\n\tat org.openqa.selenium.remote.ProtocolHandshake.createSession(ProtocolHandshake.java:62)\r\n\tat org.openqa.selenium.remote.HttpCommandExecutor.execute(HttpCommandExecutor.java:156)\r\n\tat org.openqa.selenium.remote.service.DriverCommandExecutor.invokeExecute(DriverCommandExecutor.java:167)\r\n\tat org.openqa.selenium.remote.service.DriverCommandExecutor.execute(DriverCommandExecutor.java:142)\r\n\tat org.openqa.selenium.remote.RemoteWebDriver.execute(RemoteWebDriver.java:558)\r\n\tat org.openqa.selenium.remote.RemoteWebDriver.startSession(RemoteWebDriver.java:245)\r\n\tat org.openqa.selenium.remote.RemoteWebDriver.<init>(RemoteWebDriver.java:161)\r\n\tat org.openqa.selenium.chromium.ChromiumDriver.<init>(ChromiumDriver.java:108)\r\n\tat org.openqa.selenium.chrome.ChromeDriver.<init>(ChromeDriver.java:106)\r\n\tat org.openqa.selenium.chrome.ChromeDriver.<init>(ChromeDriver.java:93)\r\n\tat org.openqa.selenium.chrome.ChromeDriver.<init>(ChromeDriver.java:82)\r\n\tat driverPackage.BaseDriver.setUp(BaseDriver.java:32)\r\n\tat java.base/jdk.internal.reflect.DirectMethodHandleAccessor.invoke(DirectMethodHandleAccessor.java:103)\r\n\tat java.base/java.lang.reflect.Method.invoke(Method.java:580)\r\n\tat org.testng.internal.invokers.MethodInvocationHelper.invokeMethod(MethodInvocationHelper.java:135)\r\n\tat org.testng.internal.invokers.MethodInvocationHelper.invokeMethodConsideringTimeout(MethodInvocationHelper.java:65)\r\n\tat org.testng.internal.invokers.ConfigInvoker.invokeConfigurationMethod(ConfigInvoker.java:381)\r\n\tat org.testng.internal.invokers.ConfigInvoker.invokeConfigurations(ConfigInvoker.java:319)\r\n\tat org.testng.SuiteRunner.privateRun(SuiteRunner.java:368)\r\n\tat org.testng.SuiteRunner.run(SuiteRunner.java:326)\r\n\tat org.testng.SuiteRunnerWorker.runSuite(SuiteRunnerWorker.java:52)\r\n\tat org.testng.SuiteRunnerWorker.run(SuiteRunnerWorker.java:95)\r\n\tat org.testng.TestNG.runSuitesSequentially(TestNG.java:1249)\r\n\tat org.testng.TestNG.runSuitesLocally(TestNG.java:1169)\r\n\tat org.testng.TestNG.runSuites(TestNG.java:1092)\r\n\tat org.testng.TestNG.run(TestNG.java:1060)\r\n\tat com.intellij.rt.testng.IDEARemoteTestNG.run(IDEARemoteTestNG.java:66)\r\n\tat com.intellij.rt.testng.RemoteTestNGStarter.main(RemoteTestNGStarter.java:105)\r\n","steps":[],"attachments":[],"parameters":[],"stepsCount":0,"hasContent":true,"attachmentsCount":0,"shouldDisplayMessage":true}],"afterStages":[{"name":"tearDown","time":{"start":1710535119072,"stop":1710535119072,"duration":0},"description":"","status":"broken","steps":[],"attachments":[],"parameters":[],"stepsCount":0,"hasContent":false,"attachmentsCount":0,"shouldDisplayMessage":false}],"labels":[{"name":"package","value":"testCasesPackage.T001_CreateNewAccount"},{"name":"testClass","value":"testCasesPackage.T001_CreateNewAccount"},{"name":"testMethod","value":"setUp"},{"name":"parentSuite","value":"Default Suite"},{"name":"suite","value":"automtionpractice"},{"name":"subSuite","value":"testCasesPackage.T001_CreateNewAccount"},{"name":"host","value":"CALHEIROS"},{"name":"thread","value":"21652@CALHEIROS.main(1)"},{"name":"framework","value":"testng"},{"name":"language","value":"java"},{"name":"AS_ID","value":"-1"},{"name":"resultFormat","value":"allure2"}],"parameters":[],"links":[],"hidden":true,"retry":true,"extra":{"categories":[],"tags":[]},"source":"c63bbcd48fa5df81.json","parameterValues":[]}